<?xml version="1.0" encoding="UTF-8"?>
<testsuite xmlns:xsi="http://www.w3.org/2001/XMLSchema-instance" xsi:noNamespaceSchemaLocation="https://maven.apache.org/surefire/maven-surefire-plugin/xsd/surefire-test-report.xsd" name="com.ontariotechu.sofe3980U.AppTest" time="0.041" tests="1" errors="0" skipped="0" failures="0">
  <properties>
    <property name="sun.desktop" value="windows"/>
    <property name="awt.toolkit" value="sun.awt.windows.WToolkit"/>
    <property name="file.encoding.pkg" value="sun.io"/>
    <property name="jdk.extensions.version" value="21.0.5.0"/>
    <property name="java.specification.version" value="21"/>
    <property name="sun.jnu.encoding" value="Cp1252"/>
    <property name="java.class.path" value="C:\Users\dania\OneDrive\Desktop\SQPM-Lab-4_75765-main\SQPM-Lab-4_75765-main\SVBR\target\test-classes;C:\Users\dania\OneDrive\Desktop\SQPM-Lab-4_75765-main\SQPM-Lab-4_75765-main\SVBR\target\classes;C:\Users\dania\.m2\repository\junit\junit\4.11\junit-4.11.jar;C:\Users\dania\.m2\repository\org\hamcrest\hamcrest-core\1.3\hamcrest-core-1.3.jar;C:\Users\dania\.m2\repository\com\opencsv\opencsv\4.1\opencsv-4.1.jar;C:\Users\dania\.m2\repository\org\apache\commons\commons-lang3\3.6\commons-lang3-3.6.jar;C:\Users\dania\.m2\repository\org\apache\commons\commons-text\1.1\commons-text-1.1.jar;C:\Users\dania\.m2\repository\commons-beanutils\commons-beanutils\1.9.3\commons-beanutils-1.9.3.jar;C:\Users\dania\.m2\repository\commons-logging\commons-logging\1.2\commons-logging-1.2.jar;C:\Users\dania\.m2\repository\commons-collections\commons-collections\3.2.2\commons-collections-3.2.2.jar;"/>
    <property name="java.vm.vendor" value="Eclipse OpenJ9"/>
    <property name="sun.arch.data.model" value="64"/>
    <property name="com.ibm.vm.bitmode" value="64"/>
    <property name="user.variant" value=""/>
    <property name="com.ibm.oti.vm.library.version" value="29"/>
    <property name="java.vendor.url" value="https://www.ibm.com/semeru-runtimes"/>
    <property name="user.timezone" value="America/Toronto"/>
    <property name="os.name" value="Windows 11"/>
    <property name="java.vm.specification.version" value="21"/>
    <property name="user.country" value="CA"/>
    <property name="sun.java.launcher" value="SUN_STANDARD"/>
    <property name="sun.boot.library.path" value="C:\Program Files\Semeru\jdk-21.0.5.11-openj9\bin\default;C:\Program Files\Semeru\jdk-21.0.5.11-openj9\bin"/>
    <property name="sun.java.command" value="C:\Users\dania\AppData\Local\Temp\surefire6210413873398492355\surefirebooter10847168783484541517.jar C:\Users\dania\AppData\Local\Temp\surefire6210413873398492355 2025-03-18T21-34-56_078-jvmRun1 surefire2694520432747273160tmp surefire_01375399373334832622tmp"/>
    <property name="surefire.test.class.path" value="C:\Users\dania\OneDrive\Desktop\SQPM-Lab-4_75765-main\SQPM-Lab-4_75765-main\SVBR\target\test-classes;C:\Users\dania\OneDrive\Desktop\SQPM-Lab-4_75765-main\SQPM-Lab-4_75765-main\SVBR\target\classes;C:\Users\dania\.m2\repository\junit\junit\4.11\junit-4.11.jar;C:\Users\dania\.m2\repository\org\hamcrest\hamcrest-core\1.3\hamcrest-core-1.3.jar;C:\Users\dania\.m2\repository\com\opencsv\opencsv\4.1\opencsv-4.1.jar;C:\Users\dania\.m2\repository\org\apache\commons\commons-lang3\3.6\commons-lang3-3.6.jar;C:\Users\dania\.m2\repository\org\apache\commons\commons-text\1.1\commons-text-1.1.jar;C:\Users\dania\.m2\repository\commons-beanutils\commons-beanutils\1.9.3\commons-beanutils-1.9.3.jar;C:\Users\dania\.m2\repository\commons-logging\commons-logging\1.2\commons-logging-1.2.jar;C:\Users\dania\.m2\repository\commons-collections\commons-collections\3.2.2\commons-collections-3.2.2.jar;"/>
    <property name="sun.cpu.endian" value="little"/>
    <property name="user.home" value="C:\Users\dania"/>
    <property name="user.language" value="en"/>
    <property name="java.specification.vendor" value="Oracle Corporation"/>
    <property name="java.version.date" value="2024-10-15"/>
    <property name="java.home" value="C:\Program Files\Semeru\jdk-21.0.5.11-openj9"/>
    <property name="ibm.signalhandling.rs" value="false"/>
    <property name="openjdk.methodhandles" value="true"/>
    <property name="file.separator" value="\"/>
    <property name="jdk.extensions.name" value="Extensions for OpenJDK for Eclipse OpenJ9"/>
    <property name="basedir" value="C:\Users\dania\OneDrive\Desktop\SQPM-Lab-4_75765-main\SQPM-Lab-4_75765-main\SVBR"/>
    <property name="line.separator" value="&#10;"/>
    <property name="java.specification.name" value="Java Platform API Specification"/>
    <property name="java.vm.specification.vendor" value="Oracle Corporation"/>
    <property name="com.ibm.util.extralibs.properties" value=""/>
    <property name="java.awt.graphicsenv" value="sun.awt.Win32GraphicsEnvironment"/>
    <property name="com.ibm.oti.configuration" value="scar"/>
    <property name="java.awt.fonts" value=""/>
    <property name="surefire.real.class.path" value="C:\Users\dania\AppData\Local\Temp\surefire6210413873398492355\surefirebooter10847168783484541517.jar"/>
    <property name="com.ibm.oti.shared.enabled" value="false"/>
    <property name="com.ibm.oti.vm.bootstrap.library.path" value="C:\Program Files\Semeru\jdk-21.0.5.11-openj9\bin\default;C:\Program Files\Semeru\jdk-21.0.5.11-openj9\bin"/>
    <property name="com.ibm.cpu.endian" value="little"/>
    <property name="java.fullversion" value="21.0.5+11-LTS&#10;JRE 21 Windows 11 amd64-64-Bit Compressed References 20241015_305 (JIT enabled, AOT enabled)&#10;OpenJ9   - 1d5831436e&#10;OMR      - d10a4d553&#10;JCL      - b1b311c53fe based on jdk-21.0.5+11"/>
    <property name="java.runtime.version" value="21.0.5+11-LTS"/>
    <property name="user.name" value="dania"/>
    <property name="stdout.encoding" value="windows-1252"/>
    <property name="path.separator" value=";"/>
    <property name="os.version" value="10.0"/>
    <property name="java.runtime.name" value="IBM Semeru Runtime Open Edition"/>
    <property name="ibm.signalhandling.sigint" value="true"/>
    <property name="file.encoding" value="UTF-8"/>
    <property name="openj9.compiler" value="j9jit29"/>
    <property name="java.vm.name" value="Eclipse OpenJ9 VM"/>
    <property name="java.vendor.version" value="21.0.5.11"/>
    <property name="ibm.signalhandling.sigchain" value="true"/>
    <property name="localRepository" value="C:\Users\dania\.m2\repository"/>
    <property name="java.vendor.url.bug" value="https://github.com/ibmruntimes/Semeru-Runtimes/issues"/>
    <property name="java.io.tmpdir" value="C:\Users\dania\AppData\Local\Temp\"/>
    <property name="java.version" value="21.0.5"/>
    <property name="com.ibm.system.agent.path" value="C:\Program Files\Semeru\jdk-21.0.5.11-openj9\bin"/>
    <property name="user.dir" value="C:\Users\dania\OneDrive\Desktop\SQPM-Lab-4_75765-main\SQPM-Lab-4_75765-main\SVBR"/>
    <property name="os.arch" value="amd64"/>
    <property name="java.vm.specification.name" value="Java Virtual Machine Specification"/>
    <property name="java.awt.printerjob" value="sun.awt.windows.WPrinterJob"/>
    <property name="os.encoding" value="UTF-8"/>
    <property name="native.encoding" value="Cp1252"/>
    <property name="java.library.path" value="C:\Program Files\Semeru\jdk-21.0.5.11-openj9\bin\default;C:\Program Files\Semeru\jdk-21.0.5.11-openj9\bin;C:\WINDOWS\system32;C:\WINDOWS;C:\Program Files\Semeru\jdk-21.0.5.11-openj9\bin;C:\Program Files\Microsoft\jdk-11.0.16.101-hotspot\bin;C:\WINDOWS\system32;C:\WINDOWS;C:\WINDOWS\System32\Wbem;C:\WINDOWS\System32\WindowsPowerShell\v1.0\;C:\WINDOWS\System32\OpenSSH\;C:\Program Files\Microsoft SQL Server\Client SDK\ODBC\170\Tools\Binn\;C:\Program Files\Microsoft SQL Server\150\Tools\Binn\;C:\Program Files\Git\cmd;C:\Program Files\dotnet\;C:\Program Files (x86)\Windows Kits\10\Windows Performance Toolkit\;C:\Users\dania\maven\apache-maven-3.9.9-bin\apache-maven-3.9.9\bin;C:\Users\dania\AppData\Local\Microsoft\WindowsApps;C:\Users\dania\.dotnet\tools;C:\Users\dania\maven\apache-maven-3.9.9-bin\apache-maven-3.9.9\bin;;."/>
    <property name="java.vendor" value="IBM Corporation"/>
    <property name="java.vm.info" value="JRE 21 Windows 11 amd64-64-Bit Compressed References 20241015_305 (JIT enabled, AOT enabled)&#10;OpenJ9   - 1d5831436e&#10;OMR      - d10a4d553&#10;JCL      - b1b311c53fe based on jdk-21.0.5+11"/>
    <property name="stderr.encoding" value="windows-1252"/>
    <property name="java.vm.version" value="openj9-0.48.0"/>
    <property name="com.ibm.jcl.checkClassPath" value=""/>
    <property name="ibm.system.encoding" value="Cp1252"/>
    <property name="java.lang.invoke.VarHandle.VAR_HANDLE_GUARDS" value="false"/>
    <property name="sun.io.unicode.encoding" value="UnicodeLittle"/>
    <property name="java.class.version" value="65.0"/>
  </properties>
  <testcase name="shouldAnswerWithTrue" classname="com.ontariotechu.sofe3980U.AppTest" time="0.005"/>
</testsuite>